<?xml version="1.0" encoding="UTF-8"?>
<!-- Generated by org.testng.reporters.JUnitReportReporter -->
<testsuite skipped="0" hostname="ChethanBidare-pc" name="com.c2info.EG360_SalesReportsTCs.VerifySalesReport" tests="1" failures="0" timestamp="03 Aug 2018 05:59:50 GMT" time="94.982" errors="0">
  <testcase name="verifyBranchWiseNumberOfInvoices" time="94.982" classname="com.c2info.EG360_SalesReportsTCs.VerifySalesReport"/>
</testsuite> <!-- com.c2info.EG360_SalesReportsTCs.VerifySalesReport -->
