<?xml version="1.0" encoding="UTF-8"?>
<!-- Generated by org.testng.reporters.JUnitReportReporter -->
<testsuite skipped="0" hostname="Arbiya-Maitems" name="com.c2info.EG360_SalesReportsTCs.VerifySalesReport" tests="1" failures="0" timestamp="02 Aug 2018 16:10:10 GMT" time="97.656" errors="0">
  <testcase name="verifyBranchWiseNumberOfInvoices" time="97.656" classname="com.c2info.EG360_SalesReportsTCs.VerifySalesReport"/>
</testsuite> <!-- com.c2info.EG360_SalesReportsTCs.VerifySalesReport -->
