<?xml version="1.0" encoding="UTF-8"?>
<!-- Generated by org.testng.reporters.JUnitReportReporter -->
<testsuite skipped="0" hostname="ChethanBidare-pc" name="com.c2info.EG360_SalesReportsTCs.TC_009_VerifySalesReportForYesterday_SalesReturn" tests="13" failures="1" timestamp="06 Aug 2018 05:19:36 GMT" time="107.446" errors="0">
  <testcase name="verifyBranchName" time="28.227" classname="com.c2info.EG360_SalesReportsTCs.TC_009_VerifySalesReportForYesterday_SalesReturn"/>
  <testcase name="verifyBranchShortName" time="7.183" classname="com.c2info.EG360_SalesReportsTCs.TC_009_VerifySalesReportForYesterday_SalesReturn"/>
  <testcase name="verifyBranchWiseNumberOfInvoices" time="6.474" classname="com.c2info.EG360_SalesReportsTCs.TC_009_VerifySalesReportForYesterday_SalesReturn"/>
  <testcase name="verifyBranchwiseNumberOfCustomers" time="6.838" classname="com.c2info.EG360_SalesReportsTCs.TC_009_VerifySalesReportForYesterday_SalesReturn"/>
  <testcase name="verifyBranchwiseDiscAmount" time="7.348" classname="com.c2info.EG360_SalesReportsTCs.TC_009_VerifySalesReportForYesterday_SalesReturn"/>
  <testcase name="verifyBranchwiseInvoiceValAfterDisc" time="6.983" classname="com.c2info.EG360_SalesReportsTCs.TC_009_VerifySalesReportForYesterday_SalesReturn"/>
  <testcase name="verifyBranchwiseInvoiceValTax" time="6.686" classname="com.c2info.EG360_SalesReportsTCs.TC_009_VerifySalesReportForYesterday_SalesReturn"/>
  <testcase name="verifyBranchwiseTaxAmount" time="3.015" classname="com.c2info.EG360_SalesReportsTCs.TC_009_VerifySalesReportForYesterday_SalesReturn">
    <failure type="java.lang.AssertionError" message="expected [5887.38] but found [5869.93]">
      <![CDATA[java.lang.AssertionError: expected [5887.38] but found [5869.93]
	at org.testng.Assert.fail(Assert.java:93)
	at org.testng.Assert.failNotEquals(Assert.java:512)
	at org.testng.Assert.assertEqualsImpl(Assert.java:134)
	at org.testng.Assert.assertEquals(Assert.java:115)
	at org.testng.Assert.assertEquals(Assert.java:178)
	at com.c2info.EG360_SalesReportsTCs.TC_009_VerifySalesReportForYesterday_SalesReturn.verifyBranchwiseTaxAmount(TC_009_VerifySalesReportForYesterday_SalesReturn.java:231)
	at sun.reflect.NativeMethodAccessorImpl.invoke0(Native Method)
	at sun.reflect.NativeMethodAccessorImpl.invoke(NativeMethodAccessorImpl.java:62)
	at sun.reflect.DelegatingMethodAccessorImpl.invoke(DelegatingMethodAccessorImpl.java:43)
	at java.lang.reflect.Method.invoke(Method.java:498)
	at org.testng.internal.MethodInvocationHelper.invokeMethod(MethodInvocationHelper.java:108)
	at org.testng.internal.Invoker.invokeMethod(Invoker.java:661)
	at org.testng.internal.Invoker.invokeTestMethod(Invoker.java:869)
	at org.testng.internal.Invoker.invokeTestMethods(Invoker.java:1193)
	at org.testng.internal.TestMethodWorker.invokeTestMethods(TestMethodWorker.java:126)
	at org.testng.internal.TestMethodWorker.run(TestMethodWorker.java:109)
	at org.testng.TestRunner.privateRun(TestRunner.java:744)
	at org.testng.TestRunner.run(TestRunner.java:602)
	at org.testng.SuiteRunner.runTest(SuiteRunner.java:380)
	at org.testng.SuiteRunner.runSequentially(SuiteRunner.java:375)
	at org.testng.SuiteRunner.privateRun(SuiteRunner.java:340)
	at org.testng.SuiteRunner.run(SuiteRunner.java:289)
	at org.testng.SuiteRunnerWorker.runSuite(SuiteRunnerWorker.java:52)
	at org.testng.SuiteRunnerWorker.run(SuiteRunnerWorker.java:86)
	at org.testng.TestNG.runSuitesSequentially(TestNG.java:1301)
	at org.testng.TestNG.runSuitesLocally(TestNG.java:1226)
	at org.testng.TestNG.runSuites(TestNG.java:1144)
	at org.testng.TestNG.run(TestNG.java:1115)
	at org.testng.remote.AbstractRemoteTestNG.run(AbstractRemoteTestNG.java:114)
	at org.testng.remote.RemoteTestNG.initAndRun(RemoteTestNG.java:251)
	at org.testng.remote.RemoteTestNG.main(RemoteTestNG.java:77)
]]>
    </failure>
  </testcase> <!-- verifyBranchwiseTaxAmount -->
  <testcase name="verifyBranchwiseCGSTAmount" time="6.584" classname="com.c2info.EG360_SalesReportsTCs.TC_009_VerifySalesReportForYesterday_SalesReturn"/>
  <testcase name="verifyBranchwiseSGSTAmount" time="7.423" classname="com.c2info.EG360_SalesReportsTCs.TC_009_VerifySalesReportForYesterday_SalesReturn"/>
  <testcase name="verifyBranchwiseIGSTAmount" time="7.098" classname="com.c2info.EG360_SalesReportsTCs.TC_009_VerifySalesReportForYesterday_SalesReturn"/>
  <testcase name="verifyBranchwiseCessAmount" time="6.868" classname="com.c2info.EG360_SalesReportsTCs.TC_009_VerifySalesReportForYesterday_SalesReturn"/>
  <testcase name="verifyBranchwiseServiceChargeAmount" time="6.719" classname="com.c2info.EG360_SalesReportsTCs.TC_009_VerifySalesReportForYesterday_SalesReturn"/>
</testsuite> <!-- com.c2info.EG360_SalesReportsTCs.TC_009_VerifySalesReportForYesterday_SalesReturn -->
