<?xml version="1.0" encoding="UTF-8"?>
<!-- Generated by org.testng.reporters.JUnitReportReporter -->
<testsuite skipped="0" hostname="ChethanBidare-pc" name="com.c2info.EG360_ItemBouncedReportTCs.TC_001_VerifyItemBouncedReport" tests="8" failures="0" timestamp="08 Aug 2018 07:39:49 GMT" time="42.402" errors="0">
  <testcase name="verifyBranchCode" time="13.374" classname="com.c2info.EG360_ItemBouncedReportTCs.TC_001_VerifyItemBouncedReport"/>
  <testcase name="verifyBouncedItemQty" time="6.847" classname="com.c2info.EG360_ItemBouncedReportTCs.TC_001_VerifyItemBouncedReport"/>
  <testcase name="verifyBranchName" time="4.110" classname="com.c2info.EG360_ItemBouncedReportTCs.TC_001_VerifyItemBouncedReport"/>
  <testcase name="verifyDate" time="3.017" classname="com.c2info.EG360_ItemBouncedReportTCs.TC_001_VerifyItemBouncedReport"/>
  <testcase name="VerifyItemMfacName" time="4.116" classname="com.c2info.EG360_ItemBouncedReportTCs.TC_001_VerifyItemBouncedReport"/>
  <testcase name="verifyItemCode" time="1.749" classname="com.c2info.EG360_ItemBouncedReportTCs.TC_001_VerifyItemBouncedReport"/>
  <testcase name="verifyItemName" time="4.385" classname="com.c2info.EG360_ItemBouncedReportTCs.TC_001_VerifyItemBouncedReport"/>
  <testcase name="verifyMRP" time="4.804" classname="com.c2info.EG360_ItemBouncedReportTCs.TC_001_VerifyItemBouncedReport"/>
</testsuite> <!-- com.c2info.EG360_ItemBouncedReportTCs.TC_001_VerifyItemBouncedReport -->
