<?xml version="1.0" encoding="UTF-8"?>
<!-- Generated by org.testng.reporters.JUnitReportReporter -->
<testsuite skipped="0" hostname="ChethanBidare-pc" name="com.c2info.EG360_DashboardTCs.HeaderValues" tests="1" failures="0" timestamp="01 Aug 2018 10:52:06 GMT" time="5.988" errors="0">
  <testcase name="verifyYesterDaySalesValue" time="5.988" classname="com.c2info.EG360_DashboardTCs.HeaderValues"/>
</testsuite> <!-- com.c2info.EG360_DashboardTCs.HeaderValues -->
