<?xml version="1.0" encoding="UTF-8"?>
<!-- Generated by org.testng.reporters.JUnitReportReporter -->
<testsuite skipped="0" hostname="ChethanBidare-pc" name="com.c2info.EG360_SalesReportsTCs.TC_008_VerifySalesReportForToday_SalesReturn" tests="13" failures="0" timestamp="06 Aug 2018 05:19:36 GMT" time="113.418" errors="0">
  <testcase name="verifyBranchName" time="29.477" classname="com.c2info.EG360_SalesReportsTCs.TC_008_VerifySalesReportForToday_SalesReturn"/>
  <testcase name="verifyBranchShortName" time="6.969" classname="com.c2info.EG360_SalesReportsTCs.TC_008_VerifySalesReportForToday_SalesReturn"/>
  <testcase name="verifyBranchWiseNumberOfInvoices" time="6.973" classname="com.c2info.EG360_SalesReportsTCs.TC_008_VerifySalesReportForToday_SalesReturn"/>
  <testcase name="verifyBranchwiseNumberOfCustomers" time="6.795" classname="com.c2info.EG360_SalesReportsTCs.TC_008_VerifySalesReportForToday_SalesReturn"/>
  <testcase name="verifyBranchwiseDiscAmount" time="6.989" classname="com.c2info.EG360_SalesReportsTCs.TC_008_VerifySalesReportForToday_SalesReturn"/>
  <testcase name="verifyBranchwiseInvoiceValAfterDisc" time="7.015" classname="com.c2info.EG360_SalesReportsTCs.TC_008_VerifySalesReportForToday_SalesReturn"/>
  <testcase name="verifyBranchwiseInvoiceValTax" time="6.838" classname="com.c2info.EG360_SalesReportsTCs.TC_008_VerifySalesReportForToday_SalesReturn"/>
  <testcase name="verifyBranchwiseTaxAmount" time="7.001" classname="com.c2info.EG360_SalesReportsTCs.TC_008_VerifySalesReportForToday_SalesReturn"/>
  <testcase name="verifyBranchwiseCGSTAmount" time="6.614" classname="com.c2info.EG360_SalesReportsTCs.TC_008_VerifySalesReportForToday_SalesReturn"/>
  <testcase name="verifyBranchwiseSGSTAmount" time="7.005" classname="com.c2info.EG360_SalesReportsTCs.TC_008_VerifySalesReportForToday_SalesReturn"/>
  <testcase name="verifyBranchwiseIGSTAmount" time="6.557" classname="com.c2info.EG360_SalesReportsTCs.TC_008_VerifySalesReportForToday_SalesReturn"/>
  <testcase name="verifyBranchwiseCessAmount" time="7.075" classname="com.c2info.EG360_SalesReportsTCs.TC_008_VerifySalesReportForToday_SalesReturn"/>
  <testcase name="verifyBranchwiseServiceChargeAmount" time="8.110" classname="com.c2info.EG360_SalesReportsTCs.TC_008_VerifySalesReportForToday_SalesReturn"/>
</testsuite> <!-- com.c2info.EG360_SalesReportsTCs.TC_008_VerifySalesReportForToday_SalesReturn -->
